Determining if the pthread_create exist failed with the following output:
Change Dir: /home/matti/Documenti/PROGRAMMAZIONEUNI/ProvaSDL/cmake-build-debug/CMakeFiles/CMakeTmp

Run Build Command:"/usr/bin/make" "cmTC_ce7bc/fast"
/usr/bin/make -f CMakeFiles/cmTC_ce7bc.dir/build.make CMakeFiles/cmTC_ce7bc.dir/build
make[1]: ingresso nella directory "/home/matti/Documenti/PROGRAMMAZIONEUNI/ProvaSDL/cmake-build-debug/CMakeFiles/CMakeTmp"
Building C object CMakeFiles/cmTC_ce7bc.dir/CheckSymbolExists.c.o
/usr/bin/cc    -o CMakeFiles/cmTC_ce7bc.dir/CheckSymbolExists.c.o   -c /home/matti/Documenti/PROGRAMMAZIONEUNI/ProvaSDL/cmake-build-debug/CMakeFiles/CMakeTmp/CheckSymbolExists.c
Linking C executable cmTC_ce7bc
/home/matti/Scaricati/clion-2017.3.3/bin/cmake/bin/cmake -E cmake_link_script CMakeFiles/cmTC_ce7bc.dir/link.txt --verbose=1
/usr/bin/cc      CMakeFiles/cmTC_ce7bc.dir/CheckSymbolExists.c.o  -o cmTC_ce7bc 
CMakeFiles/cmTC_ce7bc.dir/CheckSymbolExists.c.o: nella funzione "main":
CheckSymbolExists.c:(.text+0x1b): riferimento non definito a "pthread_create"
collect2: error: ld returned 1 exit status
CMakeFiles/cmTC_ce7bc.dir/build.make:97: set di istruzioni per l'obiettivo "cmTC_ce7bc" non riuscito
make[1]: *** [cmTC_ce7bc] Errore 1
make[1]: uscita dalla directory "/home/matti/Documenti/PROGRAMMAZIONEUNI/ProvaSDL/cmake-build-debug/CMakeFiles/CMakeTmp"
Makefile:126: set di istruzioni per l'obiettivo "cmTC_ce7bc/fast" non riuscito
make: *** [cmTC_ce7bc/fast] Errore 2

File /home/matti/Documenti/PROGRAMMAZIONEUNI/ProvaSDL/cmake-build-debug/CMakeFiles/CMakeTmp/CheckSymbolExists.c:
/* */
#include <pthread.h>

int main(int argc, char** argv)
{
  (void)argv;
#ifndef pthread_create
  return ((int*)(&pthread_create))[argc];
#else
  (void)argc;
  return 0;
#endif
}

Determining if the function pthread_create exists in the pthreads failed with the following output:
Change Dir: /home/matti/Documenti/PROGRAMMAZIONEUNI/ProvaSDL/cmake-build-debug/CMakeFiles/CMakeTmp

Run Build Command:"/usr/bin/make" "cmTC_46a2f/fast"
/usr/bin/make -f CMakeFiles/cmTC_46a2f.dir/build.make CMakeFiles/cmTC_46a2f.dir/build
make[1]: ingresso nella directory "/home/matti/Documenti/PROGRAMMAZIONEUNI/ProvaSDL/cmake-build-debug/CMakeFiles/CMakeTmp"
Building C object CMakeFiles/cmTC_46a2f.dir/CheckFunctionExists.c.o
/usr/bin/cc   -DCHECK_FUNCTION_EXISTS=pthread_create   -o CMakeFiles/cmTC_46a2f.dir/CheckFunctionExists.c.o   -c /home/matti/Scaricati/clion-2017.3.3/bin/cmake/share/cmake-3.9/Modules/CheckFunctionExists.c
Linking C executable cmTC_46a2f
/home/matti/Scaricati/clion-2017.3.3/bin/cmake/bin/cmake -E cmake_link_script CMakeFiles/cmTC_46a2f.dir/link.txt --verbose=1
/usr/bin/cc  -DCHECK_FUNCTION_EXISTS=pthread_create    CMakeFiles/cmTC_46a2f.dir/CheckFunctionExists.c.o  -o cmTC_46a2f -lpthreads 
/usr/bin/ld: impossibile trovare -lpthreads
collect2: error: ld returned 1 exit status
CMakeFiles/cmTC_46a2f.dir/build.make:97: set di istruzioni per l'obiettivo "cmTC_46a2f" non riuscito
make[1]: *** [cmTC_46a2f] Errore 1
make[1]: uscita dalla directory "/home/matti/Documenti/PROGRAMMAZIONEUNI/ProvaSDL/cmake-build-debug/CMakeFiles/CMakeTmp"
Makefile:126: set di istruzioni per l'obiettivo "cmTC_46a2f/fast" non riuscito
make: *** [cmTC_46a2f/fast] Errore 2


